============================= test session starts ==============================
platform darwin -- Python 3.12.10, pytest-8.4.2, pluggy-1.5.0 -- <python-env>/bin/python
cachedir: .pytest_cache
benchmark: 5.2.3 (defaults: timer=time.perf_counter disable_gc=False min_rounds=5 min_time=0.000005 max_time=1.0 calibration_precision=10 warmup=False warmup_iterations=100000)
metadata: {'Python': '3.12.10', 'Platform': 'macOS-26.5.1-arm64-arm-64bit', 'Packages': {'pytest': '8.4.2', 'pluggy': '1.5.0'}, 'Plugins': {'benchmark': '5.2.3', 'mock': '3.15.1', 'anyio': '4.11.0', 'little-loops': '1.155.0', 'doctestplus': '1.6.0', 'html': '4.1.1', 'xdist': '3.8.0', 'json-report': '1.5.0', 'devtools': '0.12.2', 'timeout': '2.4.0', 'metadata': '3.1.1', 'locust': '2.42.6', 'hypothesis': '6.151.4', 'Faker': '38.2.0', 'asyncio': '1.3.0', 'syrupy': '5.3.1', 'typeguard': '4.4.4', 'cov': '7.0.0'}}
hypothesis profile 'default'
rootdir: /private/var/folders/dg/j0h3vvbj20n6gd7077j8v5qr0000gn/T/tmp.jz11oIlFdR
plugins: benchmark-5.2.3, mock-3.15.1, anyio-4.11.0, little-loops-1.155.0, doctestplus-1.6.0, html-4.1.1, xdist-3.8.0, json-report-1.5.0, devtools-0.12.2, timeout-2.4.0, metadata-3.1.1, locust-2.42.6, hypothesis-6.151.4, Faker-38.2.0, asyncio-1.3.0, syrupy-5.3.1, typeguard-4.4.4, cov-7.0.0
asyncio: mode=Mode.STRICT, debug=False, asyncio_default_fixture_loop_scope=None, asyncio_default_test_loop_scope=function
collecting ... collected 8 items

test_proof.py::test_claim1_autouse PASSED                                [ 12%]
test_proof.py::test_claim2_parametrize_order[1-2-3] PASSED               [ 25%]
test_proof.py::test_claim2_parametrize_order[10-5-15] PASSED             [ 37%]
test_proof.py::test_claim3_monkeypatch_setenv PASSED                     [ 50%]
test_proof.py::test_claim3b_check_restored PASSED                        [ 62%]
test_proof.py::test_claim4_approx PASSED                                 [ 75%]
test_proof.py::test_claim5_fixture_dependency PASSED                     [ 87%]
test_proof.py::test_claim6_caplog_default PASSED                         [100%]

============================== 8 passed in 0.10s ===============================
main exit: 0
============================= test session starts ==============================
platform darwin -- Python 3.12.10, pytest-8.4.2, pluggy-1.5.0 -- <python-env>/bin/python
cachedir: .pytest_cache
benchmark: 5.2.3 (defaults: timer=time.perf_counter disable_gc=False min_rounds=5 min_time=0.000005 max_time=1.0 calibration_precision=10 warmup=False warmup_iterations=100000)
metadata: {'Python': '3.12.10', 'Platform': 'macOS-26.5.1-arm64-arm-64bit', 'Packages': {'pytest': '8.4.2', 'pluggy': '1.5.0'}, 'Plugins': {'benchmark': '5.2.3', 'mock': '3.15.1', 'anyio': '4.11.0', 'little-loops': '1.155.0', 'doctestplus': '1.6.0', 'html': '4.1.1', 'xdist': '3.8.0', 'json-report': '1.5.0', 'devtools': '0.12.2', 'timeout': '2.4.0', 'metadata': '3.1.1', 'locust': '2.42.6', 'hypothesis': '6.151.4', 'Faker': '38.2.0', 'asyncio': '1.3.0', 'syrupy': '5.3.1', 'typeguard': '4.4.4', 'cov': '7.0.0'}}
hypothesis profile 'default'
rootdir: /private/var/folders/dg/j0h3vvbj20n6gd7077j8v5qr0000gn/T/tmp.jz11oIlFdR/syntax_check
plugins: benchmark-5.2.3, mock-3.15.1, anyio-4.11.0, little-loops-1.155.0, doctestplus-1.6.0, html-4.1.1, xdist-3.8.0, json-report-1.5.0, devtools-0.12.2, timeout-2.4.0, metadata-3.1.1, locust-2.42.6, hypothesis-6.151.4, Faker-38.2.0, asyncio-1.3.0, syrupy-5.3.1, typeguard-4.4.4, cov-7.0.0
asyncio: mode=Mode.STRICT, debug=False, asyncio_default_fixture_loop_scope=None, asyncio_default_test_loop_scope=function
collecting ... collected 1 item / 1 error

==================================== ERRORS ====================================
_________________________ ERROR collecting test_bad.py _________________________
<python-env>/lib/python3.12/site-packages/_pytest/python.py:498: in importtestmodule
    mod = import_path(
<python-env>/lib/python3.12/site-packages/_pytest/pathlib.py:587: in import_path
    importlib.import_module(module_name)
<python-env>/lib/python3.12/importlib/__init__.py:90: in import_module
    return _bootstrap._gcd_import(name[level:], package, level)
           ^^^^^^^^^^^^^^^^^^^^^^^^^^^^^^^^^^^^^^^^^^^^^^^^^^^^
<frozen importlib._bootstrap>:1387: in _gcd_import
    ???
<frozen importlib._bootstrap>:1360: in _find_and_load
    ???
<frozen importlib._bootstrap>:1331: in _find_and_load_unlocked
    ???
<frozen importlib._bootstrap>:935: in _load_unlocked
    ???
<python-env>/lib/python3.12/site-packages/_pytest/assertion/rewrite.py:177: in exec_module
    source_stat, co = _rewrite_test(fn, self.config)
                      ^^^^^^^^^^^^^^^^^^^^^^^^^^^^^^
<python-env>/lib/python3.12/site-packages/_pytest/assertion/rewrite.py:357: in _rewrite_test
    tree = ast.parse(source, filename=strfn)
           ^^^^^^^^^^^^^^^^^^^^^^^^^^^^^^^^^
<python-env>/lib/python3.12/ast.py:52: in parse
    return compile(source, filename, mode, flags,
E     File "/private/var/folders/dg/j0h3vvbj20n6gd7077j8v5qr0000gn/T/tmp.jz11oIlFdR/syntax_check/test_bad.py", line 1
E       def test_broken(:
E                       ^
E   SyntaxError: invalid syntax
=========================== short test summary info ============================
ERROR test_bad.py
!!!!!!!!!!!!!!!!!!!! Interrupted: 1 error during collection !!!!!!!!!!!!!!!!!!!!
=============================== 1 error in 0.16s ===============================
syntax exit: 2
